<?xml version="1.0" encoding="UTF-8"?>
<!-- Generated by org.testng.reporters.JUnitReportReporter -->
<testsuite hostname="DESKTOP-46H1M3T" failures="0" tests="2" name="parallel_execution.Parallel_runner" time="83.543" errors="0" timestamp="2023-08-31T16:05:49 IST" skipped="0">
  <testcase classname="parallel_execution.Parallel_runner" name="test" time="17.265"/>
  <testcase classname="parallel_execution.Parallel_runner" name="test" time="66.278"/>
</testsuite> <!-- parallel_execution.Parallel_runner -->
