<?xml version="1.0" encoding="UTF-8"?>
<!-- Generated by org.testng.reporters.JUnitReportReporter -->
<testsuite hostname="DESKTOP-46H1M3T" failures="0" tests="1" name="test_ng1.switch_control" time="19.009" errors="0" timestamp="2023-08-17T14:25:45 IST" skipped="0">
  <testcase classname="test_ng1.switch_control" name="main" time="19.009"/>
  <system-out>
    <![CDATA[Bengaluru
world
world
world
hello
This is a sample page
This is a sample page
India
400
menu__link menu__link]]>
  </system-out>
</testsuite> <!-- test_ng1.switch_control -->
