<?xml version="1.0" encoding="UTF-8"?>
<!-- Generated by org.testng.reporters.JUnitReportReporter -->
<testsuite hostname="DESKTOP-46H1M3T" failures="0" tests="1" name="test_ng.Test3" time="25.818" errors="0" timestamp="2023-08-21T17:07:47 IST" skipped="0">
  <testcase classname="test_ng.Test3" name="test3" time="25.818">
    <system-out>
      <![CDATA[400]]>
    </system-out>
  </testcase> <!-- test3 -->
  <system-out>
    <![CDATA[400]]>
  </system-out>
</testsuite> <!-- test_ng.Test3 -->
