<?xml version="1.0" encoding="UTF-8"?>
<!-- Generated by org.testng.reporters.JUnitReportReporter -->
<testsuite hostname="DESKTOP-46H1M3T" failures="0" tests="1" name="test_ng1.Clear_data_locators" time="33.232" errors="0" timestamp="2023-08-22T15:37:29 IST" skipped="0">
  <testcase classname="test_ng1.Clear_data_locators" name="main" time="33.232"/>
</testsuite> <!-- test_ng1.Clear_data_locators -->
