<?xml version="1.0" encoding="UTF-8"?>
<!-- Generated by org.testng.reporters.JUnitReportReporter -->
<testsuite hostname="DESKTOP-46H1M3T" failures="0" tests="1" name="test_ng1.Get_text" time="39.055" errors="0" timestamp="2023-08-21T17:11:48 IST" skipped="0">
  <testcase classname="test_ng1.Get_text" name="text" time="39.055">
    <system-out>
      <![CDATA[This is a sample page
This is a sample page]]>
    </system-out>
  </testcase> <!-- text -->
  <system-out>
    <![CDATA[This is a sample page
This is a sample page]]>
  </system-out>
</testsuite> <!-- test_ng1.Get_text -->
