<?xml version="1.0" encoding="UTF-8"?>
<!-- Generated by org.testng.reporters.JUnitXMLReporter -->
<testsuite ignored="0" hostname="DESKTOP-46H1M3T" failures="0" tests="1" name="test-firefox" time="66.348" errors="0" timestamp="2023-08-31T16:05:47 IST">
  <testcase classname="parallel_execution.Parallel_runner" name="test" time="66.278"/>
</testsuite> <!-- test-firefox -->
