<?xml version="1.0" encoding="UTF-8"?>
<!-- Generated by org.testng.reporters.JUnitXMLReporter -->
<testsuite ignored="0" hostname="DESKTOP-46H1M3T" failures="0" tests="1" name="test-chrome" time="17.338" errors="0" timestamp="2023-08-31T16:04:58 IST">
  <testcase classname="parallel_execution.Parallel_runner" name="test" time="17.265"/>
</testsuite> <!-- test-chrome -->
